  compilation object save succeeded; see C:\Users\DaerimHan\Desktop\GraphicsProject\d3d11DaerimsEngine\DX11Practice\Examples\x64\Release\BillboardGS.cso
  compilation object save succeeded; see C:\Users\DaerimHan\Desktop\GraphicsProject\d3d11DaerimsEngine\DX11Practice\Examples\x64\Release\BillboardVS.cso
  compilation object save succeeded; see C:\Users\DaerimHan\Desktop\GraphicsProject\d3d11DaerimsEngine\DX11Practice\Examples\x64\Release\Ex1408_BitonicSortCS.cso
  compilation object save succeeded; see C:\Users\DaerimHan\Desktop\GraphicsProject\d3d11DaerimsEngine\DX11Practice\Examples\x64\Release\Ex1606_MarchingCubesGS.cso
  compilation object save succeeded; see C:\Users\DaerimHan\Desktop\GraphicsProject\d3d11DaerimsEngine\DX11Practice\Examples\x64\Release\Ex1606_MarchingCubesVS.cso
  compilation object save succeeded; see C:\Users\DaerimHan\Desktop\GraphicsProject\d3d11DaerimsEngine\DX11Practice\Examples\x64\Release\Ex1606_ParticleStepCS.cso
  compilation object save succeeded; see C:\Users\DaerimHan\Desktop\GraphicsProject\d3d11DaerimsEngine\DX11Practice\Examples\x64\Release\Ex1606_ApplyPressureCS.cso
  compilation object save succeeded; see C:\Users\DaerimHan\Desktop\GraphicsProject\d3d11DaerimsEngine\DX11Practice\Examples\x64\Release\Ex1606_DiffUpSampleCS.cso
  compilation object save succeeded; see C:\Users\DaerimHan\Desktop\GraphicsProject\d3d11DaerimsEngine\DX11Practice\Examples\x64\Release\Ex1604_DiffUpSampleCS.cso
  compilation object save succeeded; see C:\Users\DaerimHan\Desktop\GraphicsProject\d3d11DaerimsEngine\DX11Practice\Examples\x64\Release\Ex1606_DivergenceCS.cso
  compilation object save succeeded; see C:\Users\DaerimHan\Desktop\GraphicsProject\d3d11DaerimsEngine\DX11Practice\Examples\x64\Release\Ex1604_DownSampleCS.cso
  compilation object save succeeded; see C:\Users\DaerimHan\Desktop\GraphicsProject\d3d11DaerimsEngine\DX11Practice\Examples\x64\Release\BasicPS.cso
  compilation object save succeeded; see C:\Users\DaerimHan\Desktop\GraphicsProject\d3d11DaerimsEngine\DX11Practice\Examples\x64\Release\BasicVS.cso
  compilation object save succeeded; see C:\Users\DaerimHan\Desktop\GraphicsProject\d3d11DaerimsEngine\DX11Practice\Examples\x64\Release\BitonicSortCS.cso
  compilation object save succeeded; see C:\Users\DaerimHan\Desktop\GraphicsProject\d3d11DaerimsEngine\DX11Practice\Examples\x64\Release\BloomDownPS.cso
  compilation object save succeeded; see C:\Users\DaerimHan\Desktop\GraphicsProject\d3d11DaerimsEngine\DX11Practice\Examples\x64\Release\BloomUpPS.cso
FXC : warning X4714: sum of temp registers and indexable temp registers times 1024 threads exceeds the recommended total 16384.  Performance may be reduced
  
  compilation object save succeeded; see C:\Users\DaerimHan\Desktop\GraphicsProject\d3d11DaerimsEngine\DX11Practice\Examples\x64\Release\CloudDensityCS.cso
  compilation object save succeeded; see C:\Users\DaerimHan\Desktop\GraphicsProject\d3d11DaerimsEngine\DX11Practice\Examples\x64\Release\CloudLightingCS.cso
  compilation object save succeeded; see C:\Users\DaerimHan\Desktop\GraphicsProject\d3d11DaerimsEngine\DX11Practice\Examples\x64\Release\ColorPS.cso
  compilation object save succeeded; see C:\Users\DaerimHan\Desktop\GraphicsProject\d3d11DaerimsEngine\DX11Practice\Examples\x64\Release\Ex1402_BlurXCS.cso
C:\Users\DaerimHan\Desktop\GraphicsProject\d3d11DaerimsEngine\DX11Practice\Examples\Ex1402_BlurXGroupCacheCS.hlsl(29,9-27): warning X3203: signed/unsigned mismatch, unsigned assumed
C:\Users\DaerimHan\Desktop\GraphicsProject\d3d11DaerimsEngine\DX11Practice\Examples\Ex1402_BlurXGroupCacheCS.hlsl(35,9-32): warning X3203: signed/unsigned mismatch, unsigned assumed
  
  compilation object save succeeded; see C:\Users\DaerimHan\Desktop\GraphicsProject\d3d11DaerimsEngine\DX11Practice\Examples\x64\Release\Ex1402_BlurXGroupCacheCS.cso
  compilation object save succeeded; see C:\Users\DaerimHan\Desktop\GraphicsProject\d3d11DaerimsEngine\DX11Practice\Examples\x64\Release\Ex1402_BlurXPS.cso
  compilation object save succeeded; see C:\Users\DaerimHan\Desktop\GraphicsProject\d3d11DaerimsEngine\DX11Practice\Examples\x64\Release\Ex1402_BlurYCS.cso
  compilation object save succeeded; see C:\Users\DaerimHan\Desktop\GraphicsProject\d3d11DaerimsEngine\DX11Practice\Examples\x64\Release\Ex1402_BlurYGroupCacheCS.cso
  compilation object save succeeded; see C:\Users\DaerimHan\Desktop\GraphicsProject\d3d11DaerimsEngine\DX11Practice\Examples\x64\Release\Ex1402_BlurYPS.cso
  compilation object save succeeded; see C:\Users\DaerimHan\Desktop\GraphicsProject\d3d11DaerimsEngine\DX11Practice\Examples\x64\Release\CombinePS.cso
  compilation object save succeeded; see C:\Users\DaerimHan\Desktop\GraphicsProject\d3d11DaerimsEngine\DX11Practice\Examples\x64\Release\DepthOnlyPS.cso
  compilation object save succeeded; see C:\Users\DaerimHan\Desktop\GraphicsProject\d3d11DaerimsEngine\DX11Practice\Examples\x64\Release\DepthOnlyVS.cso
  compilation object save succeeded; see C:\Users\DaerimHan\Desktop\GraphicsProject\d3d11DaerimsEngine\DX11Practice\Examples\x64\Release\Ex1404_StructuredBufferCS.cso
  compilation object save succeeded; see C:\Users\DaerimHan\Desktop\GraphicsProject\d3d11DaerimsEngine\DX11Practice\Examples\x64\Release\Ex1404_StructuredBufferPS.cso
  compilation object save succeeded; see C:\Users\DaerimHan\Desktop\GraphicsProject\d3d11DaerimsEngine\DX11Practice\Examples\x64\Release\Ex1404_StructuredBufferVS.cso
  compilation object save succeeded; see C:\Users\DaerimHan\Desktop\GraphicsProject\d3d11DaerimsEngine\DX11Practice\Examples\x64\Release\Ex1406_DensityDissipationCS.cso
  compilation object save succeeded; see C:\Users\DaerimHan\Desktop\GraphicsProject\d3d11DaerimsEngine\DX11Practice\Examples\x64\Release\Ex1406_DensitySourcingCS.cso
  compilation object save succeeded; see C:\Users\DaerimHan\Desktop\GraphicsProject\d3d11DaerimsEngine\DX11Practice\Examples\x64\Release\Ex1405_ConsumeAppendCS.cso
  compilation object save succeeded; see C:\Users\DaerimHan\Desktop\GraphicsProject\d3d11DaerimsEngine\DX11Practice\Examples\x64\Release\Ex1403_MatVecMultCS.cso
  compilation object save succeeded; see C:\Users\DaerimHan\Desktop\GraphicsProject\d3d11DaerimsEngine\DX11Practice\Examples\x64\Release\Ex1406_SpriteGS.cso
  compilation object save succeeded; see C:\Users\DaerimHan\Desktop\GraphicsProject\d3d11DaerimsEngine\DX11Practice\Examples\x64\Release\Ex1406_SpritePS.cso
  compilation object save succeeded; see C:\Users\DaerimHan\Desktop\GraphicsProject\d3d11DaerimsEngine\DX11Practice\Examples\x64\Release\Ex1501_ParticleSystemVS.cso
  compilation object save succeeded; see C:\Users\DaerimHan\Desktop\GraphicsProject\d3d11DaerimsEngine\DX11Practice\Examples\x64\Release\Ex1501_ParticleSystemGS.cso
  compilation object save succeeded; see C:\Users\DaerimHan\Desktop\GraphicsProject\d3d11DaerimsEngine\DX11Practice\Examples\x64\Release\Ex1501_ParticleSystemPS.cso
  compilation object save succeeded; see C:\Users\DaerimHan\Desktop\GraphicsProject\d3d11DaerimsEngine\DX11Practice\Examples\x64\Release\Ex1502_SpriteFireEffectPS.cso
  compilation object save succeeded; see C:\Users\DaerimHan\Desktop\GraphicsProject\d3d11DaerimsEngine\DX11Practice\Examples\x64\Release\Ex1502_SpriteFireEffectVS.cso
  compilation object save succeeded; see C:\Users\DaerimHan\Desktop\GraphicsProject\d3d11DaerimsEngine\DX11Practice\Examples\x64\Release\Ex1503_SphWaterPS.cso
  compilation object save succeeded; see C:\Users\DaerimHan\Desktop\GraphicsProject\d3d11DaerimsEngine\DX11Practice\Examples\x64\Release\Ex1503_SphWaterVS.cso
  compilation object save succeeded; see C:\Users\DaerimHan\Desktop\GraphicsProject\d3d11DaerimsEngine\DX11Practice\Examples\x64\Release\Ex1601_AdvectionCS.cso
  compilation object save succeeded; see C:\Users\DaerimHan\Desktop\GraphicsProject\d3d11DaerimsEngine\DX11Practice\Examples\x64\Release\Ex1601_ApplyPressureCS.cso
  compilation object save succeeded; see C:\Users\DaerimHan\Desktop\GraphicsProject\d3d11DaerimsEngine\DX11Practice\Examples\x64\Release\Ex1601_ConfineVorticityCS.cso
  compilation object save succeeded; see C:\Users\DaerimHan\Desktop\GraphicsProject\d3d11DaerimsEngine\DX11Practice\Examples\x64\Release\Ex1601_DiffuseCS.cso
  compilation object save succeeded; see C:\Users\DaerimHan\Desktop\GraphicsProject\d3d11DaerimsEngine\DX11Practice\Examples\x64\Release\Ex1601_DivergenceCS.cso
  compilation object save succeeded; see C:\Users\DaerimHan\Desktop\GraphicsProject\d3d11DaerimsEngine\DX11Practice\Examples\x64\Release\Ex1601_JacobiCS.cso
  compilation object save succeeded; see C:\Users\DaerimHan\Desktop\GraphicsProject\d3d11DaerimsEngine\DX11Practice\Examples\x64\Release\Ex1601_SourcingCS.cso
  compilation object save succeeded; see C:\Users\DaerimHan\Desktop\GraphicsProject\d3d11DaerimsEngine\DX11Practice\Examples\x64\Release\Ex1601_ComputeVorticityCS.cso
  compilation object save succeeded; see C:\Users\DaerimHan\Desktop\GraphicsProject\d3d11DaerimsEngine\DX11Practice\Examples\x64\Release\Ex1602_CurlNoiseCS.cso
  compilation object save succeeded; see C:\Users\DaerimHan\Desktop\GraphicsProject\d3d11DaerimsEngine\DX11Practice\Examples\x64\Release\Ex1604_AdvectionCS.cso
  compilation object save succeeded; see C:\Users\DaerimHan\Desktop\GraphicsProject\d3d11DaerimsEngine\DX11Practice\Examples\x64\Release\Ex1604_ApplyPressureCS.cso
  compilation object save succeeded; see C:\Users\DaerimHan\Desktop\GraphicsProject\d3d11DaerimsEngine\DX11Practice\Examples\x64\Release\Ex1604_DivergenceCS.cso
  compilation object save succeeded; see C:\Users\DaerimHan\Desktop\GraphicsProject\d3d11DaerimsEngine\DX11Practice\Examples\x64\Release\Ex1606_FirstIndexCS.cso
  compilation object save succeeded; see C:\Users\DaerimHan\Desktop\GraphicsProject\d3d11DaerimsEngine\DX11Practice\Examples\x64\Release\Ex1606_JacobiCS.cso
  compilation object save succeeded; see C:\Users\DaerimHan\Desktop\GraphicsProject\d3d11DaerimsEngine\DX11Practice\Examples\x64\Release\Ex1604_JacobiCS.cso
FXC : internal warning : optimization did not converge
  
  compilation object save succeeded; see C:\Users\DaerimHan\Desktop\GraphicsProject\d3d11DaerimsEngine\DX11Practice\Examples\x64\Release\Ex1606_ParticleToGridCS.cso
  compilation object save succeeded; see C:\Users\DaerimHan\Desktop\GraphicsProject\d3d11DaerimsEngine\DX11Practice\Examples\x64\Release\Ex1604_SourcingCS.cso
  compilation object save succeeded; see C:\Users\DaerimHan\Desktop\GraphicsProject\d3d11DaerimsEngine\DX11Practice\Examples\x64\Release\Ex1606_SignedDistancePS.cso
  compilation object save succeeded; see C:\Users\DaerimHan\Desktop\GraphicsProject\d3d11DaerimsEngine\DX11Practice\Examples\x64\Release\Ex1606_StructuredBufferPS.cso
  compilation object save succeeded; see C:\Users\DaerimHan\Desktop\GraphicsProject\d3d11DaerimsEngine\DX11Practice\Examples\x64\Release\Ex1606_StructuredBufferVS.cso
  compilation object save succeeded; see C:\Users\DaerimHan\Desktop\GraphicsProject\d3d11DaerimsEngine\DX11Practice\Examples\x64\Release\Ex1604_VorticityConfinementCS.cso
  compilation object save succeeded; see C:\Users\DaerimHan\Desktop\GraphicsProject\d3d11DaerimsEngine\DX11Practice\Examples\x64\Release\Ex1802_GrassPS.cso
  compilation object save succeeded; see C:\Users\DaerimHan\Desktop\GraphicsProject\d3d11DaerimsEngine\DX11Practice\Examples\x64\Release\Ex1802_GrassVS.cso
  compilation object save succeeded; see C:\Users\DaerimHan\Desktop\GraphicsProject\d3d11DaerimsEngine\DX11Practice\Examples\x64\Release\Ex1803_OceanPS.cso
  compilation object save succeeded; see C:\Users\DaerimHan\Desktop\GraphicsProject\d3d11DaerimsEngine\DX11Practice\Examples\x64\Release\GameExplosionPS.cso
  compilation object save succeeded; see C:\Users\DaerimHan\Desktop\GraphicsProject\d3d11DaerimsEngine\DX11Practice\Examples\x64\Release\VolumetricFirePS.cso
  compilation object save succeeded; see C:\Users\DaerimHan\Desktop\GraphicsProject\d3d11DaerimsEngine\DX11Practice\Examples\x64\Release\FireballPS.cso
  compilation object save succeeded; see C:\Users\DaerimHan\Desktop\GraphicsProject\d3d11DaerimsEngine\DX11Practice\Examples\x64\Release\PostEffectsPS.cso
  compilation object save succeeded; see C:\Users\DaerimHan\Desktop\GraphicsProject\d3d11DaerimsEngine\DX11Practice\Examples\x64\Release\SkyboxPS.cso
  compilation object save succeeded; see C:\Users\DaerimHan\Desktop\GraphicsProject\d3d11DaerimsEngine\DX11Practice\Examples\x64\Release\SkyboxVS.cso
  compilation object save succeeded; see C:\Users\DaerimHan\Desktop\GraphicsProject\d3d11DaerimsEngine\DX11Practice\Examples\x64\Release\NormalGS.cso
  compilation object save succeeded; see C:\Users\DaerimHan\Desktop\GraphicsProject\d3d11DaerimsEngine\DX11Practice\Examples\x64\Release\NormalPS.cso
  compilation object save succeeded; see C:\Users\DaerimHan\Desktop\GraphicsProject\d3d11DaerimsEngine\DX11Practice\Examples\x64\Release\NormalVS.cso
  compilation object save succeeded; see C:\Users\DaerimHan\Desktop\GraphicsProject\d3d11DaerimsEngine\DX11Practice\Examples\x64\Release\SamplingPS.cso
  compilation object save succeeded; see C:\Users\DaerimHan\Desktop\GraphicsProject\d3d11DaerimsEngine\DX11Practice\Examples\x64\Release\SamplingVS.cso
  compilation object save succeeded; see C:\Users\DaerimHan\Desktop\GraphicsProject\d3d11DaerimsEngine\DX11Practice\Examples\x64\Release\Ex1401_CS.cso
  compilation object save succeeded; see C:\Users\DaerimHan\Desktop\GraphicsProject\d3d11DaerimsEngine\DX11Practice\Examples\x64\Release\VolumeSmokePS.cso
  BillboardModel.cpp
  BitonicSort.cpp
  D3D11Utils.cpp
  Ex1404_StructuredBuffer.cpp
  Ex1405_ConsumeAppendBuffer.cpp
  Ex1406_DensityField.cpp
  Ex1407_IndirectArguments.cpp
  Ex1408_BitonicSort.cpp
  Ex1501_ParticleSystem.cpp
  Ex1502_SpriteFireEffect.cpp
  Ex1503_SphWater.cpp
  Ex1601_StableFluids.cpp
  Ex1602_CurlNoise.cpp
  Ex1603_Cloud.cpp
  Ex1605_SmokeCpu.cpp
  Ex1606_HybridWater.cpp
  Ex1604_RealtimeSmoke.cpp
  Ex1701_SkeletalAnimation.cpp
  Ex1801_Tree.cpp
  Ex1802_Grass.cpp
  Ex1803_Landscape.cpp
  Ex1901_Physx.cpp
  Ex2001_GamePlay.cpp
  ExampleApp.cpp
  Ex1401_Basic.cpp
  Ex1402_Blur.cpp
  Ex1403_MatVecMult.cpp
  Example_TEMPLATE.cpp
  FluidSimulationCPU.cpp
  GeometryGenerator.cpp
  GraphicsCommon.cpp
  GraphicsPSO.cpp
  ImageFilter.cpp
  main.cpp
  AppBase.cpp
  Model.cpp
  ModelLoader.cpp
  Camera.cpp
  Noise.cpp
  PostProcess.cpp
  SphSimulation.cpp
  StableFluids.cpp
  UniformGrid.cpp
  코드를 생성하고 있습니다.
  6622 of 6714 functions (98.6%) were compiled, the rest were copied from previous compilation.
    183 functions were new in current compilation
    4 functions had inline decision re-evaluated but remain unchanged
  코드를 생성했습니다.
  Examples.vcxproj -> C:\Users\DaerimHan\Desktop\GraphicsProject\d3d11DaerimsEngine\DX11Practice\Examples\x64\Release\Examples.exe
